<?xml version="1.0" encoding="UTF-8"?>
<!-- Generated by org.testng.reporters.JUnitXMLReporter -->
<testsuite hostname="EPINHYDW0834" ignored="0" name="All-tests" tests="9" failures="1" timestamp="17 Jan 2018 11:16:27 GMT" time="29.067" errors="0">
  <testcase name="addImplicitly" time="1.192" classname="com.epam.tam.module.tests.RunnerTest"/>
  <testcase name="verifyHomePage" time="0.036" classname="com.epam.tam.module.tests.RunnerTest">
    <failure type="junit.framework.ComparisonFailure" message="Home page not opened Successfully expected:&amp;lt;...z...&amp;gt; but was:&amp;lt;......&amp;gt;">
      <![CDATA[junit.framework.ComparisonFailure: Home page not opened Successfully expected:<...z...> but was:<......>at junit.framework.Assert.assertEquals(Assert.java:81)at com.epam.tam.module.tests.RunnerTest.verifyHomePage(RunnerTest.java:56)... Removed 25 stack frames]]>
    </failure>
  </testcase> <!-- verifyHomePage -->
  <testcase name="verifyOriginValue" time="10.246" classname="com.epam.tam.module.tests.RunnerTest"/>
  <testcase name="verifyDestinationValueNegative" time="0.201" classname="com.epam.tam.module.tests.RunnerTest"/>
  <testcase name="verifyDestinationValue" time="0.389" classname="com.epam.tam.module.tests.RunnerTest"/>
  <testcase name="selectDepartureDate" time="0.392" classname="com.epam.tam.module.tests.RunnerTest"/>
  <testcase name="selectReturnDate" time="3.252" classname="com.epam.tam.module.tests.RunnerTest"/>
  <testcase name="verifyPassengers" time="2.415" classname="com.epam.tam.module.tests.RunnerTest"/>
  <testcase name="verifySearchPage" time="7.892" classname="com.epam.tam.module.tests.RunnerTest"/>
</testsuite> <!-- All-tests -->
