<?xml version="1.0" encoding="UTF-8"?>
<testng-results skipped="0" failed="1" ignored="0" total="9" passed="8">
  <reporter-output>
  </reporter-output>
  <suite name="DefaultSuite" duration-ms="29067" started-at="2018-01-17T11:15:58Z" finished-at="2018-01-17T11:16:27Z">
    <groups>
    </groups>
    <test name="All-tests" duration-ms="29067" started-at="2018-01-17T11:15:58Z" finished-at="2018-01-17T11:16:27Z">
      <class name="com.epam.tam.module.tests.RunnerTest">
        <test-method status="PASS" signature="startBrowser()[pri:0, instance:com.epam.tam.module.tests.RunnerTest@66ac5762]" name="startBrowser" is-config="true" duration-ms="1857" started-at="2018-01-17T16:45:58Z" description="Start browser" finished-at="2018-01-17T16:46:00Z">
          <reporter-output>
          </reporter-output>
        </test-method> <!-- startBrowser -->
        <test-method status="PASS" signature="addImplicitly()[pri:0, instance:com.epam.tam.module.tests.RunnerTest@66ac5762]" name="addImplicitly" duration-ms="1192" started-at="2018-01-17T16:46:00Z" finished-at="2018-01-17T16:46:01Z">
          <reporter-output>
          </reporter-output>
        </test-method> <!-- addImplicitly -->
        <test-method status="FAIL" signature="verifyHomePage()[pri:1, instance:com.epam.tam.module.tests.RunnerTest@66ac5762]" name="verifyHomePage" duration-ms="36" started-at="2018-01-17T16:46:01Z" finished-at="2018-01-17T16:46:01Z">
          <exception class="junit.framework.ComparisonFailure">
            <message>
              <![CDATA[Home page not opened Successfully expected:<...z...> but was:<......>]]>
            </message>
            <full-stacktrace>
              <![CDATA[junit.framework.ComparisonFailure: Home page not opened Successfully expected:<...z...> but was:<......>at junit.framework.Assert.assertEquals(Assert.java:81)at com.epam.tam.module.tests.RunnerTest.verifyHomePage(RunnerTest.java:56)at sun.reflect.NativeMethodAccessorImpl.invoke0(Native Method)at sun.reflect.NativeMethodAccessorImpl.invoke(NativeMethodAccessorImpl.java:62)at sun.reflect.DelegatingMethodAccessorImpl.invoke(DelegatingMethodAccessorImpl.java:43)at java.lang.reflect.Method.invoke(Method.java:498)at org.testng.internal.MethodInvocationHelper.invokeMethod(MethodInvocationHelper.java:124)at org.testng.internal.Invoker.invokeMethod(Invoker.java:571)at org.testng.internal.Invoker.invokeTestMethod(Invoker.java:707)at org.testng.internal.Invoker.invokeTestMethods(Invoker.java:979)at org.testng.internal.TestMethodWorker.invokeTestMethods(TestMethodWorker.java:125)at org.testng.internal.TestMethodWorker.run(TestMethodWorker.java:109)at org.testng.TestRunner.privateRun(TestRunner.java:648)at org.testng.TestRunner.run(TestRunner.java:505)at org.testng.SuiteRunner.runTest(SuiteRunner.java:455)at org.testng.SuiteRunner.runSequentially(SuiteRunner.java:450)at org.testng.SuiteRunner.privateRun(SuiteRunner.java:415)at org.testng.SuiteRunner.run(SuiteRunner.java:364)at org.testng.SuiteRunnerWorker.runSuite(SuiteRunnerWorker.java:52)at org.testng.SuiteRunnerWorker.run(SuiteRunnerWorker.java:84)at org.testng.TestNG.runSuitesSequentially(TestNG.java:1187)at org.testng.TestNG.runSuitesLocally(TestNG.java:1116)at org.testng.TestNG.runSuites(TestNG.java:1028)at org.testng.TestNG.run(TestNG.java:996)at org.testng.remote.AbstractRemoteTestNG.run(AbstractRemoteTestNG.java:114)at org.testng.remote.RemoteTestNG.initAndRun(RemoteTestNG.java:251)at org.testng.remote.RemoteTestNG.main(RemoteTestNG.java:77)]]>
            </full-stacktrace>
          </exception> <!-- junit.framework.ComparisonFailure -->
          <reporter-output>
          </reporter-output>
        </test-method> <!-- verifyHomePage -->
        <test-method status="PASS" signature="verifyOriginValue()[pri:2, instance:com.epam.tam.module.tests.RunnerTest@66ac5762]" name="verifyOriginValue" duration-ms="10246" started-at="2018-01-17T16:46:01Z" finished-at="2018-01-17T16:46:11Z">
          <reporter-output>
          </reporter-output>
        </test-method> <!-- verifyOriginValue -->
        <test-method status="PASS" signature="verifyDestinationValueNegative()[pri:3, instance:com.epam.tam.module.tests.RunnerTest@66ac5762]" name="verifyDestinationValueNegative" duration-ms="201" started-at="2018-01-17T16:46:11Z" finished-at="2018-01-17T16:46:12Z">
          <reporter-output>
          </reporter-output>
        </test-method> <!-- verifyDestinationValueNegative -->
        <test-method status="PASS" signature="verifyDestinationValue()[pri:4, instance:com.epam.tam.module.tests.RunnerTest@66ac5762]" name="verifyDestinationValue" duration-ms="389" started-at="2018-01-17T16:46:12Z" finished-at="2018-01-17T16:46:12Z">
          <reporter-output>
          </reporter-output>
        </test-method> <!-- verifyDestinationValue -->
        <test-method status="PASS" signature="selectDepartureDate()[pri:5, instance:com.epam.tam.module.tests.RunnerTest@66ac5762]" name="selectDepartureDate" duration-ms="392" started-at="2018-01-17T16:46:12Z" finished-at="2018-01-17T16:46:12Z">
          <reporter-output>
          </reporter-output>
        </test-method> <!-- selectDepartureDate -->
        <test-method status="PASS" signature="selectReturnDate()[pri:6, instance:com.epam.tam.module.tests.RunnerTest@66ac5762]" name="selectReturnDate" duration-ms="3252" started-at="2018-01-17T16:46:12Z" finished-at="2018-01-17T16:46:16Z">
          <reporter-output>
          </reporter-output>
        </test-method> <!-- selectReturnDate -->
        <test-method status="PASS" signature="verifyPassengers()[pri:7, instance:com.epam.tam.module.tests.RunnerTest@66ac5762]" name="verifyPassengers" duration-ms="2415" started-at="2018-01-17T16:46:16Z" finished-at="2018-01-17T16:46:18Z">
          <reporter-output>
          </reporter-output>
        </test-method> <!-- verifyPassengers -->
        <test-method status="PASS" signature="verifySearchPage()[pri:8, instance:com.epam.tam.module.tests.RunnerTest@66ac5762]" name="verifySearchPage" duration-ms="7892" started-at="2018-01-17T16:46:18Z" finished-at="2018-01-17T16:46:26Z">
          <reporter-output>
          </reporter-output>
        </test-method> <!-- verifySearchPage -->
        <test-method status="PASS" signature="closeBrowser()[pri:0, instance:com.epam.tam.module.tests.RunnerTest@66ac5762]" name="closeBrowser" is-config="true" duration-ms="842" started-at="2018-01-17T16:46:26Z" description="Close browser" finished-at="2018-01-17T16:46:27Z">
          <reporter-output>
          </reporter-output>
        </test-method> <!-- closeBrowser -->
      </class> <!-- com.epam.tam.module.tests.RunnerTest -->
    </test> <!-- All-tests -->
  </suite> <!-- DefaultSuite -->
</testng-results>
