<?xml version="1.0" encoding="UTF-8"?>
<!-- Generated by org.testng.reporters.JUnitXMLReporter -->
<testsuite hostname="EPINHYDW0834" ignored="0" name="Default test" tests="9" failures="0" timestamp="08 Jan 2018 07:14:42 GMT" time="24.883" errors="0">
  <testcase name="addImplicitly" time="1.207" classname="com.epam.tam.module.pages.RunnerTest"/>
  <testcase name="verifyHomePage" time="0.036" classname="com.epam.tam.module.pages.RunnerTest"/>
  <testcase name="verifyOriginValue" time="0.452" classname="com.epam.tam.module.pages.RunnerTest"/>
  <testcase name="verifyDestinationValueNegative" time="0.23" classname="com.epam.tam.module.pages.RunnerTest"/>
  <testcase name="verifyDestinationValue" time="0.368" classname="com.epam.tam.module.pages.RunnerTest"/>
  <testcase name="selectDepartureDate" time="0.394" classname="com.epam.tam.module.pages.RunnerTest"/>
  <testcase name="selectReturnDate" time="3.258" classname="com.epam.tam.module.pages.RunnerTest"/>
  <testcase name="verifyPassengers" time="0.43" classname="com.epam.tam.module.pages.RunnerTest"/>
  <testcase name="verifySearchPage" time="5.347" classname="com.epam.tam.module.pages.RunnerTest"/>
</testsuite> <!-- Default test -->
