<?xml version="1.0" encoding="UTF-8"?>
<!-- Generated by org.testng.reporters.JUnitXMLReporter -->
<testsuite hostname="EPINHYDW0834" ignored="17" name="CalculatorTests" tests="1" failures="0" timestamp="29 Dec 2017 09:10:30 GMT" time="0.015" errors="0">
  <testcase name="cos1" time="0.0" classname="com.epam.tam.demo.CalculatorTest"/>
  <testcase name="negativeNumber" time="0.0" classname="com.epam.tam.demo.CalculatorTest">
    <ignored/>
  </testcase> <!-- negativeNumber -->
  <testcase name="waitmethod1" time="0.0" classname="com.epam.tam.demo.CalculatorTest">
    <ignored/>
  </testcase> <!-- waitmethod1 -->
  <testcase name="sum" time="0.0" classname="com.epam.tam.demo.CalculatorTest">
    <ignored/>
  </testcase> <!-- sum -->
  <testcase name="waitmethod2" time="0.0" classname="com.epam.tam.demo.CalculatorTest">
    <ignored/>
  </testcase> <!-- waitmethod2 -->
  <testcase name="waitmethod3" time="0.0" classname="com.epam.tam.demo.CalculatorTest">
    <ignored/>
  </testcase> <!-- waitmethod3 -->
  <testcase name="postiveNumber" time="0.0" classname="com.epam.tam.demo.CalculatorTest">
    <ignored/>
  </testcase> <!-- postiveNumber -->
  <testcase name="expectedException" time="0.0" classname="com.epam.tam.demo.CalculatorTest">
    <ignored/>
  </testcase> <!-- expectedException -->
  <testcase name="divisionNegative" time="0.0" classname="com.epam.tam.demo.CalculatorTest">
    <ignored/>
  </testcase> <!-- divisionNegative -->
  <testcase name="powerNegative2" time="0.0" classname="com.epam.tam.demo.CalculatorTest">
    <ignored/>
  </testcase> <!-- powerNegative2 -->
  <testcase name="multiplication" time="0.0" classname="com.epam.tam.demo.CalculatorTest">
    <ignored/>
  </testcase> <!-- multiplication -->
  <testcase name="postiveNumberNegative" time="0.0" classname="com.epam.tam.demo.CalculatorTest">
    <ignored/>
  </testcase> <!-- postiveNumberNegative -->
  <testcase name="power" time="0.0" classname="com.epam.tam.demo.CalculatorTest">
    <ignored/>
  </testcase> <!-- power -->
  <testcase name="negativeNumberNegative" time="0.0" classname="com.epam.tam.demo.CalculatorTest">
    <ignored/>
  </testcase> <!-- negativeNumberNegative -->
  <testcase name="sumNegative" time="0.0" classname="com.epam.tam.demo.CalculatorTest">
    <ignored/>
  </testcase> <!-- sumNegative -->
  <testcase name="sumOfNumbers" time="0.0" classname="com.epam.tam.demo.CalculatorTest">
    <ignored/>
  </testcase> <!-- sumOfNumbers -->
  <testcase name="powerNegative1" time="0.0" classname="com.epam.tam.demo.CalculatorTest">
    <ignored/>
  </testcase> <!-- powerNegative1 -->
  <testcase name="division" time="0.0" classname="com.epam.tam.demo.CalculatorTest">
    <ignored/>
  </testcase> <!-- division -->
</testsuite> <!-- CalculatorTests -->
