<?xml version="1.0" encoding="UTF-8"?>
<testng-results skipped="0" failed="0" ignored="0" total="22" passed="22">
  <reporter-output>
  </reporter-output>
  <suite name="Default suite" duration-ms="81" started-at="2018-01-02T05:48:17Z" finished-at="2018-01-02T05:48:17Z">
    <groups>
      <group name="wait">
        <method signature="CalculatorTest.waitmethod1()[pri:0, instance:com.epam.tam.demo.CalculatorTest@51efea79]" name="waitmethod1" class="com.epam.tam.demo.CalculatorTest"/>
        <method signature="CalculatorTest.waitmethod2()[pri:0, instance:com.epam.tam.demo.CalculatorTest@51efea79]" name="waitmethod2" class="com.epam.tam.demo.CalculatorTest"/>
        <method signature="CalculatorTest.waitmethod3()[pri:0, instance:com.epam.tam.demo.CalculatorTest@51efea79]" name="waitmethod3" class="com.epam.tam.demo.CalculatorTest"/>
      </group> <!-- wait -->
      <group name="Negative">
        <method signature="CalculatorTest.divisionNegative()[pri:0, instance:com.epam.tam.demo.CalculatorTest@51efea79]" name="divisionNegative" class="com.epam.tam.demo.CalculatorTest"/>
        <method signature="CalculatorTest.negativeNumberNegative()[pri:0, instance:com.epam.tam.demo.CalculatorTest@51efea79]" name="negativeNumberNegative" class="com.epam.tam.demo.CalculatorTest"/>
        <method signature="CalculatorTest.postiveNumberNegative()[pri:0, instance:com.epam.tam.demo.CalculatorTest@51efea79]" name="postiveNumberNegative" class="com.epam.tam.demo.CalculatorTest"/>
        <method signature="CalculatorTest.powerNegative1()[pri:0, instance:com.epam.tam.demo.CalculatorTest@51efea79]" name="powerNegative1" class="com.epam.tam.demo.CalculatorTest"/>
        <method signature="CalculatorTest.powerNegative2()[pri:0, instance:com.epam.tam.demo.CalculatorTest@51efea79]" name="powerNegative2" class="com.epam.tam.demo.CalculatorTest"/>
        <method signature="CalculatorTest.sumNegative()[pri:0, instance:com.epam.tam.demo.CalculatorTest@51efea79]" name="sumNegative" class="com.epam.tam.demo.CalculatorTest"/>
      </group> <!-- Negative -->
      <group name="Trig">
        <method signature="CalculatorTest.cos1()[pri:0, instance:com.epam.tam.demo.CalculatorTest@51efea79]" name="cos1" class="com.epam.tam.demo.CalculatorTest"/>
        <method signature="CalculatorTest.cot()[pri:0, instance:com.epam.tam.demo.CalculatorTest@51efea79]" name="cot" class="com.epam.tam.demo.CalculatorTest"/>
        <method signature="CalculatorTest.sin1()[pri:0, instance:com.epam.tam.demo.CalculatorTest@51efea79]" name="sin1" class="com.epam.tam.demo.CalculatorTest"/>
        <method signature="CalculatorTest.tan()[pri:0, instance:com.epam.tam.demo.CalculatorTest@51efea79]" name="tan" class="com.epam.tam.demo.CalculatorTest"/>
      </group> <!-- Trig -->
    </groups>
    <test name="Default test" duration-ms="81" started-at="2018-01-02T05:48:17Z" finished-at="2018-01-02T05:48:17Z">
      <class name="com.epam.tam.demo.CalculatorTest">
        <test-method status="PASS" signature="beforeSutie()[pri:0, instance:com.epam.tam.demo.CalculatorTest@51efea79]" name="beforeSutie" is-config="true" duration-ms="16" started-at="2018-01-02T11:18:17Z" finished-at="2018-01-02T11:18:17Z">
          <reporter-output>
          </reporter-output>
        </test-method> <!-- beforeSutie -->
        <test-method status="PASS" signature="setUp()[pri:0, instance:com.epam.tam.demo.CalculatorTest@51efea79]" name="setUp" is-config="true" duration-ms="0" started-at="2018-01-02T11:18:17Z" finished-at="2018-01-02T11:18:17Z">
          <reporter-output>
          </reporter-output>
        </test-method> <!-- setUp -->
        <test-method status="PASS" signature="beforeClass()[pri:0, instance:com.epam.tam.demo.CalculatorTest@51efea79]" name="beforeClass" is-config="true" duration-ms="0" started-at="2018-01-02T11:18:17Z" finished-at="2018-01-02T11:18:17Z">
          <reporter-output>
          </reporter-output>
        </test-method> <!-- beforeClass -->
        <test-method status="PASS" signature="cos1()[pri:0, instance:com.epam.tam.demo.CalculatorTest@51efea79]" name="cos1" duration-ms="15" started-at="2018-01-02T11:18:17Z" finished-at="2018-01-02T11:18:17Z">
          <reporter-output>
          </reporter-output>
        </test-method> <!-- cos1 -->
        <test-method status="PASS" signature="beforeMethod()[pri:0, instance:com.epam.tam.demo.CalculatorTest@51efea79]" name="beforeMethod" is-config="true" duration-ms="0" started-at="2018-01-02T11:18:17Z" finished-at="2018-01-02T11:18:17Z">
          <reporter-output>
          </reporter-output>
        </test-method> <!-- beforeMethod -->
        <test-method status="PASS" signature="cot()[pri:0, instance:com.epam.tam.demo.CalculatorTest@51efea79]" name="cot" duration-ms="0" started-at="2018-01-02T11:18:17Z" finished-at="2018-01-02T11:18:17Z">
          <reporter-output>
          </reporter-output>
        </test-method> <!-- cot -->
        <test-method status="PASS" signature="beforeMethod()[pri:0, instance:com.epam.tam.demo.CalculatorTest@51efea79]" name="beforeMethod" is-config="true" duration-ms="0" started-at="2018-01-02T11:18:17Z" finished-at="2018-01-02T11:18:17Z">
          <reporter-output>
          </reporter-output>
        </test-method> <!-- beforeMethod -->
        <test-method status="PASS" signature="afterMethod()[pri:0, instance:com.epam.tam.demo.CalculatorTest@51efea79]" name="afterMethod" is-config="true" duration-ms="0" started-at="2018-01-02T11:18:17Z" finished-at="2018-01-02T11:18:17Z">
          <reporter-output>
          </reporter-output>
        </test-method> <!-- afterMethod -->
        <test-method status="PASS" signature="beforeMethod()[pri:0, instance:com.epam.tam.demo.CalculatorTest@51efea79]" name="beforeMethod" is-config="true" duration-ms="0" started-at="2018-01-02T11:18:17Z" finished-at="2018-01-02T11:18:17Z">
          <reporter-output>
          </reporter-output>
        </test-method> <!-- beforeMethod -->
        <test-method status="PASS" signature="afterMethod()[pri:0, instance:com.epam.tam.demo.CalculatorTest@51efea79]" name="afterMethod" is-config="true" duration-ms="0" started-at="2018-01-02T11:18:17Z" finished-at="2018-01-02T11:18:17Z">
          <reporter-output>
          </reporter-output>
        </test-method> <!-- afterMethod -->
        <test-method status="PASS" signature="afterMethod()[pri:0, instance:com.epam.tam.demo.CalculatorTest@51efea79]" name="afterMethod" is-config="true" duration-ms="0" started-at="2018-01-02T11:18:17Z" finished-at="2018-01-02T11:18:17Z">
          <reporter-output>
          </reporter-output>
        </test-method> <!-- afterMethod -->
        <test-method status="PASS" signature="beforeMethod()[pri:0, instance:com.epam.tam.demo.CalculatorTest@51efea79]" name="beforeMethod" is-config="true" duration-ms="0" started-at="2018-01-02T11:18:17Z" finished-at="2018-01-02T11:18:17Z">
          <reporter-output>
          </reporter-output>
        </test-method> <!-- beforeMethod -->
        <test-method status="PASS" signature="division()[pri:0, instance:com.epam.tam.demo.CalculatorTest@51efea79]" name="division" duration-ms="0" started-at="2018-01-02T11:18:17Z" finished-at="2018-01-02T11:18:17Z">
          <reporter-output>
          </reporter-output>
        </test-method> <!-- division -->
        <test-method status="PASS" signature="afterMethod()[pri:0, instance:com.epam.tam.demo.CalculatorTest@51efea79]" name="afterMethod" is-config="true" duration-ms="0" started-at="2018-01-02T11:18:17Z" finished-at="2018-01-02T11:18:17Z">
          <reporter-output>
          </reporter-output>
        </test-method> <!-- afterMethod -->
        <test-method status="PASS" signature="afterMethod()[pri:0, instance:com.epam.tam.demo.CalculatorTest@51efea79]" name="afterMethod" is-config="true" duration-ms="0" started-at="2018-01-02T11:18:17Z" finished-at="2018-01-02T11:18:17Z">
          <reporter-output>
          </reporter-output>
        </test-method> <!-- afterMethod -->
        <test-method status="PASS" signature="expectedException()[pri:0, instance:com.epam.tam.demo.CalculatorTest@51efea79]" name="expectedException" duration-ms="0" started-at="2018-01-02T11:18:17Z" finished-at="2018-01-02T11:18:17Z">
          <exception class="java.lang.NumberFormatException">
            <message>
              <![CDATA[Attempt to divide by zero]]>
            </message>
            <full-stacktrace>
              <![CDATA[java.lang.NumberFormatException: Attempt to divide by zeroat com.epam.tat.module4.Calculator.div(Calculator.java:34)at com.epam.tam.demo.CalculatorTest.expectedException(CalculatorTest.java:40)at sun.reflect.NativeMethodAccessorImpl.invoke0(Native Method)at sun.reflect.NativeMethodAccessorImpl.invoke(NativeMethodAccessorImpl.java:62)at sun.reflect.DelegatingMethodAccessorImpl.invoke(DelegatingMethodAccessorImpl.java:43)at java.lang.reflect.Method.invoke(Method.java:498)at org.testng.internal.MethodInvocationHelper.invokeMethod(MethodInvocationHelper.java:124)at org.testng.internal.Invoker.invokeMethod(Invoker.java:571)at org.testng.internal.Invoker.invokeTestMethod(Invoker.java:707)at org.testng.internal.Invoker.invokeTestMethods(Invoker.java:979)at org.testng.internal.TestMethodWorker.invokeTestMethods(TestMethodWorker.java:125)at org.testng.internal.TestMethodWorker.run(TestMethodWorker.java:109)at org.testng.TestRunner.privateRun(TestRunner.java:648)at org.testng.TestRunner.run(TestRunner.java:505)at org.testng.SuiteRunner.runTest(SuiteRunner.java:455)at org.testng.SuiteRunner.runSequentially(SuiteRunner.java:450)at org.testng.SuiteRunner.privateRun(SuiteRunner.java:415)at org.testng.SuiteRunner.run(SuiteRunner.java:364)at org.testng.SuiteRunnerWorker.runSuite(SuiteRunnerWorker.java:52)at org.testng.SuiteRunnerWorker.run(SuiteRunnerWorker.java:84)at org.testng.TestNG.runSuitesSequentially(TestNG.java:1187)at org.testng.TestNG.runSuitesLocally(TestNG.java:1116)at org.testng.TestNG.runSuites(TestNG.java:1028)at org.testng.TestNG.run(TestNG.java:996)at org.testng.remote.AbstractRemoteTestNG.run(AbstractRemoteTestNG.java:114)at org.testng.remote.RemoteTestNG.initAndRun(RemoteTestNG.java:251)at org.testng.remote.RemoteTestNG.main(RemoteTestNG.java:77)]]>
            </full-stacktrace>
          </exception> <!-- java.lang.NumberFormatException -->
          <reporter-output>
          </reporter-output>
        </test-method> <!-- expectedException -->
        <test-method status="PASS" signature="beforeMethod()[pri:0, instance:com.epam.tam.demo.CalculatorTest@51efea79]" name="beforeMethod" is-config="true" duration-ms="0" started-at="2018-01-02T11:18:17Z" finished-at="2018-01-02T11:18:17Z">
          <reporter-output>
          </reporter-output>
        </test-method> <!-- beforeMethod -->
        <test-method status="PASS" signature="beforeMethod()[pri:0, instance:com.epam.tam.demo.CalculatorTest@51efea79]" name="beforeMethod" is-config="true" duration-ms="0" started-at="2018-01-02T11:18:17Z" finished-at="2018-01-02T11:18:17Z">
          <reporter-output>
          </reporter-output>
        </test-method> <!-- beforeMethod -->
        <test-method status="PASS" signature="beforeMethod()[pri:0, instance:com.epam.tam.demo.CalculatorTest@51efea79]" name="beforeMethod" is-config="true" duration-ms="0" started-at="2018-01-02T11:18:17Z" finished-at="2018-01-02T11:18:17Z">
          <reporter-output>
          </reporter-output>
        </test-method> <!-- beforeMethod -->
        <test-method status="PASS" signature="divisionNegative()[pri:0, instance:com.epam.tam.demo.CalculatorTest@51efea79]" name="divisionNegative" duration-ms="0" started-at="2018-01-02T11:18:17Z" finished-at="2018-01-02T11:18:17Z">
          <reporter-output>
          </reporter-output>
        </test-method> <!-- divisionNegative -->
        <test-method status="PASS" signature="negativeNumber()[pri:0, instance:com.epam.tam.demo.CalculatorTest@51efea79]" name="negativeNumber" duration-ms="16" started-at="2018-01-02T11:18:17Z" finished-at="2018-01-02T11:18:17Z">
          <reporter-output>
          </reporter-output>
        </test-method> <!-- negativeNumber -->
        <test-method status="PASS" signature="multiplication()[pri:0, instance:com.epam.tam.demo.CalculatorTest@51efea79]" name="multiplication" duration-ms="0" started-at="2018-01-02T11:18:17Z" finished-at="2018-01-02T11:18:17Z">
          <reporter-output>
          </reporter-output>
        </test-method> <!-- multiplication -->
        <test-method status="PASS" signature="afterMethod()[pri:0, instance:com.epam.tam.demo.CalculatorTest@51efea79]" name="afterMethod" is-config="true" duration-ms="0" started-at="2018-01-02T11:18:17Z" finished-at="2018-01-02T11:18:17Z">
          <reporter-output>
          </reporter-output>
        </test-method> <!-- afterMethod -->
        <test-method status="PASS" signature="afterMethod()[pri:0, instance:com.epam.tam.demo.CalculatorTest@51efea79]" name="afterMethod" is-config="true" duration-ms="0" started-at="2018-01-02T11:18:17Z" finished-at="2018-01-02T11:18:17Z">
          <reporter-output>
          </reporter-output>
        </test-method> <!-- afterMethod -->
        <test-method status="PASS" signature="beforeMethod()[pri:0, instance:com.epam.tam.demo.CalculatorTest@51efea79]" name="beforeMethod" is-config="true" duration-ms="0" started-at="2018-01-02T11:18:17Z" finished-at="2018-01-02T11:18:17Z">
          <reporter-output>
          </reporter-output>
        </test-method> <!-- beforeMethod -->
        <test-method status="PASS" signature="negativeNumberNegative()[pri:0, instance:com.epam.tam.demo.CalculatorTest@51efea79]" name="negativeNumberNegative" duration-ms="1" started-at="2018-01-02T11:18:17Z" finished-at="2018-01-02T11:18:17Z">
          <reporter-output>
          </reporter-output>
        </test-method> <!-- negativeNumberNegative -->
        <test-method status="PASS" signature="power()[pri:0, instance:com.epam.tam.demo.CalculatorTest@51efea79]" name="power" duration-ms="0" started-at="2018-01-02T11:18:17Z" finished-at="2018-01-02T11:18:17Z">
          <reporter-output>
          </reporter-output>
        </test-method> <!-- power -->
        <test-method status="PASS" signature="afterMethod()[pri:0, instance:com.epam.tam.demo.CalculatorTest@51efea79]" name="afterMethod" is-config="true" duration-ms="0" started-at="2018-01-02T11:18:17Z" finished-at="2018-01-02T11:18:17Z">
          <reporter-output>
          </reporter-output>
        </test-method> <!-- afterMethod -->
        <test-method status="PASS" signature="beforeMethod()[pri:0, instance:com.epam.tam.demo.CalculatorTest@51efea79]" name="beforeMethod" is-config="true" duration-ms="0" started-at="2018-01-02T11:18:17Z" finished-at="2018-01-02T11:18:17Z">
          <reporter-output>
          </reporter-output>
        </test-method> <!-- beforeMethod -->
        <test-method status="PASS" signature="afterMethod()[pri:0, instance:com.epam.tam.demo.CalculatorTest@51efea79]" name="afterMethod" is-config="true" duration-ms="0" started-at="2018-01-02T11:18:17Z" finished-at="2018-01-02T11:18:17Z">
          <reporter-output>
          </reporter-output>
        </test-method> <!-- afterMethod -->
        <test-method status="PASS" signature="beforeMethod()[pri:0, instance:com.epam.tam.demo.CalculatorTest@51efea79]" name="beforeMethod" is-config="true" duration-ms="0" started-at="2018-01-02T11:18:17Z" finished-at="2018-01-02T11:18:17Z">
          <reporter-output>
          </reporter-output>
        </test-method> <!-- beforeMethod -->
        <test-method status="PASS" signature="afterMethod()[pri:0, instance:com.epam.tam.demo.CalculatorTest@51efea79]" name="afterMethod" is-config="true" duration-ms="0" started-at="2018-01-02T11:18:17Z" finished-at="2018-01-02T11:18:17Z">
          <reporter-output>
          </reporter-output>
        </test-method> <!-- afterMethod -->
        <test-method status="PASS" signature="beforeMethod()[pri:0, instance:com.epam.tam.demo.CalculatorTest@51efea79]" name="beforeMethod" is-config="true" duration-ms="0" started-at="2018-01-02T11:18:17Z" finished-at="2018-01-02T11:18:17Z">
          <reporter-output>
          </reporter-output>
        </test-method> <!-- beforeMethod -->
        <test-method status="PASS" signature="afterMethod()[pri:0, instance:com.epam.tam.demo.CalculatorTest@51efea79]" name="afterMethod" is-config="true" duration-ms="0" started-at="2018-01-02T11:18:17Z" finished-at="2018-01-02T11:18:17Z">
          <reporter-output>
          </reporter-output>
        </test-method> <!-- afterMethod -->
        <test-method status="PASS" signature="afterMethod()[pri:0, instance:com.epam.tam.demo.CalculatorTest@51efea79]" name="afterMethod" is-config="true" duration-ms="0" started-at="2018-01-02T11:18:17Z" finished-at="2018-01-02T11:18:17Z">
          <reporter-output>
          </reporter-output>
        </test-method> <!-- afterMethod -->
        <test-method status="PASS" signature="beforeMethod()[pri:0, instance:com.epam.tam.demo.CalculatorTest@51efea79]" name="beforeMethod" is-config="true" duration-ms="0" started-at="2018-01-02T11:18:17Z" finished-at="2018-01-02T11:18:17Z">
          <reporter-output>
          </reporter-output>
        </test-method> <!-- beforeMethod -->
        <test-method status="PASS" signature="afterMethod()[pri:0, instance:com.epam.tam.demo.CalculatorTest@51efea79]" name="afterMethod" is-config="true" duration-ms="0" started-at="2018-01-02T11:18:17Z" finished-at="2018-01-02T11:18:17Z">
          <reporter-output>
          </reporter-output>
        </test-method> <!-- afterMethod -->
        <test-method status="PASS" signature="beforeMethod()[pri:0, instance:com.epam.tam.demo.CalculatorTest@51efea79]" name="beforeMethod" is-config="true" duration-ms="0" started-at="2018-01-02T11:18:17Z" finished-at="2018-01-02T11:18:17Z">
          <reporter-output>
          </reporter-output>
        </test-method> <!-- beforeMethod -->
        <test-method status="PASS" signature="sum(long, long, long)[pri:0, instance:com.epam.tam.demo.CalculatorTest@51efea79]" name="sum" duration-ms="0" started-at="2018-01-02T11:18:17Z" finished-at="2018-01-02T11:18:17Z">
          <params>
            <param index="0">
              <value>
                <![CDATA[10]]>
              </value>
            </param>
            <param index="1">
              <value>
                <![CDATA[20]]>
              </value>
            </param>
            <param index="2">
              <value>
                <![CDATA[30]]>
              </value>
            </param>
          </params>
          <reporter-output>
          </reporter-output>
        </test-method> <!-- sum -->
        <test-method status="PASS" signature="powerNegative1()[pri:0, instance:com.epam.tam.demo.CalculatorTest@51efea79]" name="powerNegative1" duration-ms="0" started-at="2018-01-02T11:18:17Z" finished-at="2018-01-02T11:18:17Z">
          <reporter-output>
          </reporter-output>
        </test-method> <!-- powerNegative1 -->
        <test-method status="PASS" signature="afterMethod()[pri:0, instance:com.epam.tam.demo.CalculatorTest@51efea79]" name="afterMethod" is-config="true" duration-ms="0" started-at="2018-01-02T11:18:17Z" finished-at="2018-01-02T11:18:17Z">
          <reporter-output>
          </reporter-output>
        </test-method> <!-- afterMethod -->
        <test-method status="PASS" signature="beforeMethod()[pri:0, instance:com.epam.tam.demo.CalculatorTest@51efea79]" name="beforeMethod" is-config="true" duration-ms="0" started-at="2018-01-02T11:18:17Z" finished-at="2018-01-02T11:18:17Z">
          <reporter-output>
          </reporter-output>
        </test-method> <!-- beforeMethod -->
        <test-method status="PASS" signature="beforeMethod()[pri:0, instance:com.epam.tam.demo.CalculatorTest@51efea79]" name="beforeMethod" is-config="true" duration-ms="0" started-at="2018-01-02T11:18:17Z" finished-at="2018-01-02T11:18:17Z">
          <reporter-output>
          </reporter-output>
        </test-method> <!-- beforeMethod -->
        <test-method status="PASS" signature="postiveNumber()[pri:0, instance:com.epam.tam.demo.CalculatorTest@51efea79]" name="postiveNumber" duration-ms="0" started-at="2018-01-02T11:18:17Z" finished-at="2018-01-02T11:18:17Z">
          <reporter-output>
          </reporter-output>
        </test-method> <!-- postiveNumber -->
        <test-method status="PASS" signature="powerNegative2()[pri:0, instance:com.epam.tam.demo.CalculatorTest@51efea79]" name="powerNegative2" duration-ms="0" started-at="2018-01-02T11:18:17Z" finished-at="2018-01-02T11:18:17Z">
          <reporter-output>
          </reporter-output>
        </test-method> <!-- powerNegative2 -->
        <test-method status="PASS" signature="sin1()[pri:0, instance:com.epam.tam.demo.CalculatorTest@51efea79]" name="sin1" duration-ms="0" started-at="2018-01-02T11:18:17Z" finished-at="2018-01-02T11:18:17Z">
          <reporter-output>
          </reporter-output>
        </test-method> <!-- sin1 -->
        <test-method status="PASS" signature="postiveNumberNegative()[pri:0, instance:com.epam.tam.demo.CalculatorTest@51efea79]" name="postiveNumberNegative" duration-ms="0" started-at="2018-01-02T11:18:17Z" finished-at="2018-01-02T11:18:17Z">
          <reporter-output>
          </reporter-output>
        </test-method> <!-- postiveNumberNegative -->
        <test-method status="PASS" signature="waitmethod3()[pri:0, instance:com.epam.tam.demo.CalculatorTest@51efea79]" name="waitmethod3" duration-ms="0" started-at="2018-01-02T11:18:17Z" finished-at="2018-01-02T11:18:17Z">
          <reporter-output>
          </reporter-output>
        </test-method> <!-- waitmethod3 -->
        <test-method status="PASS" signature="afterMethod()[pri:0, instance:com.epam.tam.demo.CalculatorTest@51efea79]" name="afterMethod" is-config="true" duration-ms="0" started-at="2018-01-02T11:18:17Z" finished-at="2018-01-02T11:18:17Z">
          <reporter-output>
          </reporter-output>
        </test-method> <!-- afterMethod -->
        <test-method status="PASS" signature="afterMethod()[pri:0, instance:com.epam.tam.demo.CalculatorTest@51efea79]" name="afterMethod" is-config="true" duration-ms="0" started-at="2018-01-02T11:18:17Z" finished-at="2018-01-02T11:18:17Z">
          <reporter-output>
          </reporter-output>
        </test-method> <!-- afterMethod -->
        <test-method status="PASS" signature="waitmethod1()[pri:0, instance:com.epam.tam.demo.CalculatorTest@51efea79]" name="waitmethod1" duration-ms="0" started-at="2018-01-02T11:18:17Z" finished-at="2018-01-02T11:18:17Z">
          <reporter-output>
          </reporter-output>
        </test-method> <!-- waitmethod1 -->
        <test-method status="PASS" signature="beforeMethod()[pri:0, instance:com.epam.tam.demo.CalculatorTest@51efea79]" name="beforeMethod" is-config="true" duration-ms="0" started-at="2018-01-02T11:18:17Z" finished-at="2018-01-02T11:18:17Z">
          <reporter-output>
          </reporter-output>
        </test-method> <!-- beforeMethod -->
        <test-method status="PASS" signature="beforeMethod()[pri:0, instance:com.epam.tam.demo.CalculatorTest@51efea79]" name="beforeMethod" is-config="true" duration-ms="0" started-at="2018-01-02T11:18:17Z" finished-at="2018-01-02T11:18:17Z">
          <reporter-output>
          </reporter-output>
        </test-method> <!-- beforeMethod -->
        <test-method status="PASS" signature="afterMethod()[pri:0, instance:com.epam.tam.demo.CalculatorTest@51efea79]" name="afterMethod" is-config="true" duration-ms="0" started-at="2018-01-02T11:18:17Z" finished-at="2018-01-02T11:18:17Z">
          <reporter-output>
          </reporter-output>
        </test-method> <!-- afterMethod -->
        <test-method status="PASS" signature="beforeMethod()[pri:0, instance:com.epam.tam.demo.CalculatorTest@51efea79]" name="beforeMethod" is-config="true" duration-ms="0" started-at="2018-01-02T11:18:17Z" finished-at="2018-01-02T11:18:17Z">
          <reporter-output>
          </reporter-output>
        </test-method> <!-- beforeMethod -->
        <test-method status="PASS" signature="sumNegative()[pri:0, instance:com.epam.tam.demo.CalculatorTest@51efea79]" name="sumNegative" duration-ms="0" started-at="2018-01-02T11:18:17Z" finished-at="2018-01-02T11:18:17Z">
          <reporter-output>
          </reporter-output>
        </test-method> <!-- sumNegative -->
        <test-method status="PASS" signature="afterMethod()[pri:0, instance:com.epam.tam.demo.CalculatorTest@51efea79]" name="afterMethod" is-config="true" duration-ms="0" started-at="2018-01-02T11:18:17Z" finished-at="2018-01-02T11:18:17Z">
          <reporter-output>
          </reporter-output>
        </test-method> <!-- afterMethod -->
        <test-method status="PASS" signature="beforeMethod()[pri:0, instance:com.epam.tam.demo.CalculatorTest@51efea79]" name="beforeMethod" is-config="true" duration-ms="0" started-at="2018-01-02T11:18:17Z" finished-at="2018-01-02T11:18:17Z">
          <reporter-output>
          </reporter-output>
        </test-method> <!-- beforeMethod -->
        <test-method status="PASS" signature="afterMethod()[pri:0, instance:com.epam.tam.demo.CalculatorTest@51efea79]" name="afterMethod" is-config="true" duration-ms="0" started-at="2018-01-02T11:18:17Z" finished-at="2018-01-02T11:18:17Z">
          <reporter-output>
          </reporter-output>
        </test-method> <!-- afterMethod -->
        <test-method status="PASS" signature="afterMethod()[pri:0, instance:com.epam.tam.demo.CalculatorTest@51efea79]" name="afterMethod" is-config="true" duration-ms="0" started-at="2018-01-02T11:18:17Z" finished-at="2018-01-02T11:18:17Z">
          <reporter-output>
          </reporter-output>
        </test-method> <!-- afterMethod -->
        <test-method status="PASS" signature="afterClass()[pri:0, instance:com.epam.tam.demo.CalculatorTest@51efea79]" name="afterClass" is-config="true" duration-ms="0" started-at="2018-01-02T11:18:17Z" finished-at="2018-01-02T11:18:17Z">
          <reporter-output>
          </reporter-output>
        </test-method> <!-- afterClass -->
        <test-method status="PASS" signature="tan()[pri:0, instance:com.epam.tam.demo.CalculatorTest@51efea79]" name="tan" duration-ms="0" started-at="2018-01-02T11:18:17Z" finished-at="2018-01-02T11:18:17Z">
          <reporter-output>
          </reporter-output>
        </test-method> <!-- tan -->
        <test-method status="PASS" signature="sumOfNumbers(long, long, long)[pri:0, instance:com.epam.tam.demo.CalculatorTest@51efea79]" name="sumOfNumbers" duration-ms="0" started-at="2018-01-02T11:18:17Z" data-provider="numbersProvider" finished-at="2018-01-02T11:18:17Z">
          <params>
            <param index="0">
              <value>
                <![CDATA[-2]]>
              </value>
            </param>
            <param index="1">
              <value>
                <![CDATA[-3]]>
              </value>
            </param>
            <param index="2">
              <value>
                <![CDATA[-5]]>
              </value>
            </param>
          </params>
          <reporter-output>
          </reporter-output>
        </test-method> <!-- sumOfNumbers -->
        <test-method status="PASS" signature="afterMethod()[pri:0, instance:com.epam.tam.demo.CalculatorTest@51efea79]" name="afterMethod" is-config="true" duration-ms="0" started-at="2018-01-02T11:18:17Z" finished-at="2018-01-02T11:18:17Z">
          <reporter-output>
          </reporter-output>
        </test-method> <!-- afterMethod -->
        <test-method status="PASS" signature="beforeMethod()[pri:0, instance:com.epam.tam.demo.CalculatorTest@51efea79]" name="beforeMethod" is-config="true" duration-ms="0" started-at="2018-01-02T11:18:17Z" finished-at="2018-01-02T11:18:17Z">
          <reporter-output>
          </reporter-output>
        </test-method> <!-- beforeMethod -->
        <test-method status="PASS" signature="beforeMethod()[pri:0, instance:com.epam.tam.demo.CalculatorTest@51efea79]" name="beforeMethod" is-config="true" duration-ms="0" started-at="2018-01-02T11:18:17Z" finished-at="2018-01-02T11:18:17Z">
          <reporter-output>
          </reporter-output>
        </test-method> <!-- beforeMethod -->
        <test-method status="PASS" signature="waitmethod2()[pri:0, instance:com.epam.tam.demo.CalculatorTest@51efea79]" name="waitmethod2" duration-ms="0" started-at="2018-01-02T11:18:17Z" finished-at="2018-01-02T11:18:17Z">
          <reporter-output>
          </reporter-output>
        </test-method> <!-- waitmethod2 -->
        <test-method status="PASS" signature="afterMethod()[pri:0, instance:com.epam.tam.demo.CalculatorTest@51efea79]" name="afterMethod" is-config="true" duration-ms="0" started-at="2018-01-02T11:18:17Z" finished-at="2018-01-02T11:18:17Z">
          <reporter-output>
          </reporter-output>
        </test-method> <!-- afterMethod -->
        <test-method status="PASS" signature="sumOfNumbers(long, long, long)[pri:0, instance:com.epam.tam.demo.CalculatorTest@51efea79]" name="sumOfNumbers" duration-ms="0" started-at="2018-01-02T11:18:17Z" data-provider="numbersProvider" finished-at="2018-01-02T11:18:17Z">
          <params>
            <param index="0">
              <value>
                <![CDATA[10]]>
              </value>
            </param>
            <param index="1">
              <value>
                <![CDATA[20]]>
              </value>
            </param>
            <param index="2">
              <value>
                <![CDATA[30]]>
              </value>
            </param>
          </params>
          <reporter-output>
          </reporter-output>
        </test-method> <!-- sumOfNumbers -->
        <test-method status="PASS" signature="beforeMethod()[pri:0, instance:com.epam.tam.demo.CalculatorTest@51efea79]" name="beforeMethod" is-config="true" duration-ms="0" started-at="2018-01-02T11:18:17Z" finished-at="2018-01-02T11:18:17Z">
          <reporter-output>
          </reporter-output>
        </test-method> <!-- beforeMethod -->
        <test-method status="PASS" signature="afterSuite()[pri:0, instance:com.epam.tam.demo.CalculatorTest@51efea79]" name="afterSuite" is-config="true" duration-ms="0" started-at="2018-01-02T11:18:17Z" finished-at="2018-01-02T11:18:17Z">
          <reporter-output>
          </reporter-output>
        </test-method> <!-- afterSuite -->
      </class> <!-- com.epam.tam.demo.CalculatorTest -->
    </test> <!-- Default test -->
  </suite> <!-- Default suite -->
</testng-results>
