<?xml version="1.0" encoding="UTF-8"?>
<!-- Generated by org.testng.reporters.JUnitXMLReporter -->
<testsuite hostname="EPINHYDW0834" ignored="0" name="Default test" tests="22" failures="0" timestamp="02 Jan 2018 05:48:17 GMT" time="0.081" errors="0">
  <testcase name="cos1" time="0.015" classname="com.epam.tam.demo.CalculatorTest"/>
  <testcase name="cot" time="0.0" classname="com.epam.tam.demo.CalculatorTest"/>
  <testcase name="division" time="0.0" classname="com.epam.tam.demo.CalculatorTest"/>
  <testcase name="divisionNegative" time="0.0" classname="com.epam.tam.demo.CalculatorTest"/>
  <testcase name="expectedException" time="0.0" classname="com.epam.tam.demo.CalculatorTest"/>
  <testcase name="multiplication" time="0.0" classname="com.epam.tam.demo.CalculatorTest"/>
  <testcase name="negativeNumber" time="0.016" classname="com.epam.tam.demo.CalculatorTest"/>
  <testcase name="negativeNumberNegative" time="0.001" classname="com.epam.tam.demo.CalculatorTest"/>
  <testcase name="postiveNumber" time="0.0" classname="com.epam.tam.demo.CalculatorTest"/>
  <testcase name="postiveNumberNegative" time="0.0" classname="com.epam.tam.demo.CalculatorTest"/>
  <testcase name="power" time="0.0" classname="com.epam.tam.demo.CalculatorTest"/>
  <testcase name="powerNegative1" time="0.0" classname="com.epam.tam.demo.CalculatorTest"/>
  <testcase name="powerNegative2" time="0.0" classname="com.epam.tam.demo.CalculatorTest"/>
  <testcase name="sin1" time="0.0" classname="com.epam.tam.demo.CalculatorTest"/>
  <testcase name="sum" time="0.0" classname="com.epam.tam.demo.CalculatorTest"/>
  <testcase name="sumNegative" time="0.0" classname="com.epam.tam.demo.CalculatorTest"/>
  <testcase name="sumOfNumbers" time="0.0" classname="com.epam.tam.demo.CalculatorTest"/>
  <testcase name="sumOfNumbers" time="0.0" classname="com.epam.tam.demo.CalculatorTest"/>
  <testcase name="tan" time="0.0" classname="com.epam.tam.demo.CalculatorTest"/>
  <testcase name="waitmethod1" time="0.0" classname="com.epam.tam.demo.CalculatorTest"/>
  <testcase name="waitmethod2" time="0.0" classname="com.epam.tam.demo.CalculatorTest"/>
  <testcase name="waitmethod3" time="0.0" classname="com.epam.tam.demo.CalculatorTest"/>
</testsuite> <!-- Default test -->
